[22Feb2025 00:00:22.849] [Server thread/INFO] [net.minecraft.server.players.PlayerList/]: Asriel[/127.163.171.249:36551] logged in with entity id 14022 at (979.7811177827047, -27.0, 15.862676907071712)
[22Feb2025 00:00:22.868] [Server thread/INFO] [net.minecraft.server.MinecraftServer/]: Asriel joined the game
[22Feb2025 00:00:22.873] [Server thread/INFO] [Jade/]: Syncing config to Asriel (2fa8843a-67ac-3a12-937e-775dc123023f)
[22Feb2025 00:00:23.673] [Server thread/INFO] [voicechat/]: [voicechat] Received secret request of Asriel (18)
[22Feb2025 00:00:23.673] [Server thread/INFO] [voicechat/]: [voicechat] Sent secret to Asriel
[22Feb2025 00:00:23.675] [Server thread/WARN] [waterframes/]: Server seems overloading, jumping 2110ms or 42 ticks
[22Feb2025 00:00:53.972] [Server thread/INFO] [net.minecraft.server.network.ServerGamePacketListenerImpl/]: Asriel lost connection: Disconnected
[22Feb2025 00:00:53.973] [Server thread/INFO] [net.minecraft.server.MinecraftServer/]: Asriel left the game
[22Feb2025 00:00:53.973] [Server thread/INFO] [voicechat/]: [voicechat] Disconnecting client Asriel
[22Feb2025 00:02:30.537] [Server thread/WARN] [waterframes/]: Server seems overloading, jumping 2058ms or 41 ticks
[22Feb2025 00:07:41.835] [Server thread/INFO] [net.minecraft.server.MinecraftServer/]: After MandyXMaster687 was slain by Onibi, they gave up
[22Feb2025 00:09:01.160] [Server thread/WARN] [waterframes/]: Server seems overloading, jumping 2004ms or 40 ticks
[22Feb2025 00:09:14.894] [Server thread/WARN] [net.minecraft.server.network.ServerGamePacketListenerImpl/]: MandyXMaster687 moved too quickly! -1.7746640257428226,-1.440270423951203,-10.135562415607865
[22Feb2025 00:09:14.901] [Server thread/WARN] [net.minecraft.server.MinecraftServer/]: Can't keep up! Is the server overloaded? Running 2041ms or 40 ticks behind
[22Feb2025 00:16:00.795] [Server thread/WARN] [waterframes/]: Server seems overloading, jumping 2481ms or 49 ticks
[22Feb2025 00:16:06.090] [Server thread/INFO] [net.minecraft.server.MinecraftServer/]: MandyXMaster687 did not like the sun
[22Feb2025 00:19:41.776] [Server thread/WARN] [waterframes/]: Server seems overloading, jumping 2093ms or 41 ticks
[22Feb2025 00:21:45.982] [Server thread/INFO] [net.minecraft.server.MinecraftServer/]: After MandyXMaster687 was slain by Jorogumo, they gave up
[22Feb2025 00:22:01.457] [Server thread/INFO] [net.minecraft.server.MinecraftServer/]: After MandyXMaster687 was slain by Jorogumo, they gave up
[22Feb2025 00:22:10.170] [Server thread/WARN] [waterframes/]: Server seems overloading, jumping 2469ms or 49 ticks
[22Feb2025 00:22:20.508] [Server thread/INFO] [net.minecraft.server.MinecraftServer/]: After MandyXMaster687 was slain by Onibi, they gave up
[22Feb2025 00:22:36.150] [Server thread/INFO] [net.minecraft.server.MinecraftServer/]: After Onibi scorched MandyXMaster687, they gave up
[22Feb2025 00:23:11.956] [Server thread/INFO] [net.minecraft.server.MinecraftServer/]: After MandyXMaster687 burned to ashes, they gave up
